Non-agent 744260641 attempted to preview ticket 1
Sent preview of 2 messages for ticket 1 to agent 744260641
Ticket 1 claimed by agent 744260641
Forwarded 3 messages for ticket 1 to agent 744260641
Agent message saved for ticket 1 from agent 744260641: Okay help on what
Agent message saved for ticket 1 from agent 744260641: Ohhh 8 see we would fix it
Ticket 1 marked as resolved by agent 744260641
Sent resolution approval request for ticket 1 to admin 744260641
Resolution approved for ticket 1 by admin 744260641, agent unlinked
Notified customer 7957663994 of resolution approval for ticket 1
Notified agent 744260641 of resolution approval and unlinking for ticket 1
Ticket 1 raised back to support group, reset open_ticket_spam for customer 7957663994
Notified customer 7957663994 of ticket raise for 1
Posted reopened ticket 1 to support group -1002759088455
No queued messages found for ticket 1 preview by agent 744260641
Ticket 1 claimed by agent 744260641
Forwarded 7 messages for ticket 1 to agent 744260641
Agent message saved for ticket 1 from agent 744260641: Hi
Agent message saved for ticket 1 from agent 744260641: Yea we fixed it tho
Agent message saved for ticket 1 from agent 744260641: You are welcome
Ticket 1 marked as closed by agent 744260641
Sent closure approval request for ticket 1 to admin 744260641
Closure approved for ticket 1 by admin 744260641, agent unlinked
Notified customer 7957663994 of closure approval for ticket 1
Notified agent 744260641 of closure approval and unlinking for ticket 1
Ticket 1 raised back to support group, reset open_ticket_spam for customer 7957663994
Notified customer 7957663994 of ticket raise for 1
Posted reopened ticket 1 to support group -1002759088455
Ticket 1 claimed by agent 744260641
Forwarded 13 messages for ticket 1 to agent 744260641
Ticket 1 marked as closed by agent 744260641
Sent closure approval request for ticket 1 to admin 744260641
Closure approved for ticket 1 by admin 744260641, agent unlinked
Notified customer 7957663994 of closure approval for ticket 1
Notified agent 744260641 of closure approval and unlinking for ticket 1
Ticket 1 assigned to admin 744260641 for handling
Notified customer 7957663994 of admin handling for ticket 1
Notified admin 744260641 of assignment for ticket 1
Agent message saved for ticket 1 from agent 744260641: Hi
Ticket 1 marked as resolved by agent 744260641
Sent resolution approval request for ticket 1 to admin 744260641
Resolution approved for ticket 1 by admin 744260641, agent unlinked
Notified customer 7957663994 of resolution approval for ticket 1
Notified agent 744260641 of resolution approval and unlinking for ticket 1
Ticket 1 assigned to admin 744260641 for handling
Notified customer 7957663994 of admin handling for ticket 1
Notified admin 744260641 of assignment for ticket 1
Ticket 1 marked as closed by agent 744260641
Sent closure approval request for ticket 1 to admin 744260641
Closure approved for ticket 1 by admin 744260641, agent unlinked
Notified customer 7957663994 of closure approval for ticket 1
Notified agent 744260641 of closure approval and unlinking for ticket 1
Ticket 1 raised back to support group, reset open_ticket_spam for customer 7957663994
Notified customer 7957663994 of ticket raise for 1
Posted reopened ticket 1 to support group -1002759088455
No queued messages found for ticket 1 preview by agent 744260641
Ticket 1 claimed by agent 744260641
Forwarded 16 messages for ticket 1 to agent 744260641
Agent message saved for ticket 1 from agent 744260641: It's the admin now
